# JRE version: OpenJDK Runtime Environment (11.0.10) (build 11.0.10+0-b96-7249189)
# Java VM: OpenJDK 64-Bit Server VM (11.0.10+0-b96-7249189, mixed mode, tiered, compressed oops, g1 gc, windows-amd64)
Heap:
 garbage-first heap   total 157696K, used 118870K [0x0000000080000000, 0x0000000100000000)
  region size 1024K, 20 young (20480K), 2 survivors (2048K)
 Metaspace       used 95999K, capacity 98278K, committed 98428K, reserved 1134592K
  class space    used 11951K, capacity 12689K, committed 12800K, reserved 1048576K
GC Heap History (20 events):
Event: 91.416 GC heap before
{Heap before GC invocations=54 (full 0):
 garbage-first heap   total 157696K, used 132454K [0x0000000080000000, 0x0000000100000000)
  region size 1024K, 39 young (39936K), 5 survivors (5120K)
 Metaspace       used 88966K, capacity 91123K, committed 91388K, reserved 1128448K
  class space    used 11116K, capacity 11817K, committed 11904K, reserved 1048576K
}
Event: 91.423 GC heap after
{Heap after GC invocations=55 (full 0):
 garbage-first heap   total 157696K, used 99168K [0x0000000080000000, 0x0000000100000000)
  region size 1024K, 1 young (1024K), 1 survivors (1024K)
 Metaspace       used 88966K, capacity 91123K, committed 91388K, reserved 1128448K
  class space    used 11116K, capacity 11817K, committed 11904K, reserved 1048576K
}
Event: 91.712 GC heap before
{Heap before GC invocations=55 (full 0):
 garbage-first heap   total 157696K, used 133984K [0x0000000080000000, 0x0000000100000000)
  region size 1024K, 35 young (35840K), 1 survivors (1024K)
 Metaspace       used 89045K, capacity 91123K, committed 91388K, reserved 1128448K
  class space    used 11116K, capacity 11817K, committed 11904K, reserved 1048576K
}
Event: 91.715 GC heap after
{Heap after GC invocations=56 (full 0):
 garbage-first heap   total 157696K, used 98928K [0x0000000080000000, 0x0000000100000000)
  region size 1024K, 1 young (1024K), 1 survivors (1024K)
 Metaspace       used 89045K, capacity 91123K, committed 91388K, reserved 1128448K
  class space    used 11116K, capacity 11817K, committed 11904K, reserved 1048576K
}
Event: 91.958 GC heap before
{Heap before GC invocations=57 (full 0):
 garbage-first heap   total 157696K, used 134768K [0x0000000080000000, 0x0000000100000000)
  region size 1024K, 36 young (36864K), 1 survivors (1024K)
 Metaspace       used 89067K, capacity 91187K, committed 91388K, reserved 1128448K
  class space    used 11116K, capacity 11817K, committed 11904K, reserved 1048576K
}
Event: 91.960 GC heap after
{Heap after GC invocations=58 (full 0):
 garbage-first heap   total 157696K, used 99375K [0x0000000080000000, 0x0000000100000000)
  region size 1024K, 2 young (2048K), 2 survivors (2048K)
 Metaspace       used 89067K, capacity 91187K, committed 91388K, reserved 1128448K
  class space    used 11116K, capacity 11817K, committed 11904K, reserved 1048576K
}
Event: 94.474 GC heap before
{Heap before GC invocations=58 (full 0):
 garbage-first heap   total 157696K, used 133167K [0x0000000080000000, 0x0000000100000000)
  region size 1024K, 36 young (36864K), 2 survivors (2048K)
 Metaspace       used 89842K, capacity 91950K, committed 92156K, reserved 1130496K
  class space    used 11183K, capacity 11872K, committed 11904K, reserved 1048576K
}
Event: 94.479 GC heap after
{Heap after GC invocations=59 (full 0):
 garbage-first heap   total 157696K, used 100614K [0x0000000080000000, 0x0000000100000000)
  region size 1024K, 3 young (3072K), 3 survivors (3072K)
 Metaspace       used 89842K, capacity 91950K, committed 92156K, reserved 1130496K
  class space    used 11183K, capacity 11872K, committed 11904K, reserved 1048576K
}
Event: 94.960 GC heap before
{Heap before GC invocations=60 (full 0):
 garbage-first heap   total 157696K, used 134406K [0x0000000080000000, 0x0000000100000000)
  region size 1024K, 37 young (37888K), 3 survivors (3072K)
 Metaspace       used 89849K, capacity 91950K, committed 92156K, reserved 1130496K
  class space    used 11183K, capacity 11872K, committed 11904K, reserved 1048576K
}
Event: 94.965 GC heap after
{Heap after GC invocations=61 (full 0):
 garbage-first heap   total 157696K, used 101489K [0x0000000080000000, 0x0000000100000000)
  region size 1024K, 4 young (4096K), 4 survivors (4096K)
 Metaspace       used 89849K, capacity 91950K, committed 92156K, reserved 1130496K
  class space    used 11183K, capacity 11872K, committed 11904K, reserved 1048576K
}
Event: 94.976 GC heap before
{Heap before GC invocations=61 (full 0):
 garbage-first heap   total 157696K, used 104561K [0x0000000080000000, 0x0000000100000000)
  region size 1024K, 7 young (7168K), 4 survivors (4096K)
 Metaspace       used 89849K, capacity 91950K, committed 92156K, reserved 1130496K
  class space    used 11183K, capacity 11872K, committed 11904K, reserved 1048576K
}
Event: 94.980 GC heap after
{Heap after GC invocations=62 (full 0):
 garbage-first heap   total 157696K, used 99822K [0x0000000080000000, 0x0000000100000000)
  region size 1024K, 1 young (1024K), 1 survivors (1024K)
 Metaspace       used 89849K, capacity 91950K, committed 92156K, reserved 1130496K
  class space    used 11183K, capacity 11872K, committed 11904K, reserved 1048576K
}
Event: 95.691 GC heap before
{Heap before GC invocations=62 (full 0):
 garbage-first heap   total 157696K, used 135662K [0x0000000080000000, 0x0000000100000000)
  region size 1024K, 36 young (36864K), 1 survivors (1024K)
 Metaspace       used 90434K, capacity 92621K, committed 92796K, reserved 1130496K
  class space    used 11270K, capacity 11946K, committed 12032K, reserved 1048576K
}
Event: 95.697 GC heap after
{Heap after GC invocations=63 (full 0):
 garbage-first heap   total 157696K, used 100152K [0x0000000080000000, 0x0000000100000000)
  region size 1024K, 1 young (1024K), 1 survivors (1024K)
 Metaspace       used 90434K, capacity 92621K, committed 92796K, reserved 1130496K
  class space    used 11270K, capacity 11946K, committed 12032K, reserved 1048576K
}
Event: 101.064 GC heap before
{Heap before GC invocations=64 (full 0):
 garbage-first heap   total 157696K, used 134968K [0x0000000080000000, 0x0000000100000000)
  region size 1024K, 36 young (36864K), 1 survivors (1024K)
 Metaspace       used 95943K, capacity 98206K, committed 98428K, reserved 1134592K
  class space    used 11951K, capacity 12689K, committed 12800K, reserved 1048576K
}
Event: 101.072 GC heap after
{Heap after GC invocations=65 (full 0):
 garbage-first heap   total 157696K, used 103083K [0x0000000080000000, 0x0000000100000000)
  region size 1024K, 4 young (4096K), 4 survivors (4096K)
 Metaspace       used 95943K, capacity 98206K, committed 98428K, reserved 1134592K
  class space    used 11951K, capacity 12689K, committed 12800K, reserved 1048576K
}
Event: 101.259 GC heap before
{Heap before GC invocations=65 (full 0):
 garbage-first heap   total 157696K, used 106155K [0x0000000080000000, 0x0000000100000000)
  region size 1024K, 7 young (7168K), 4 survivors (4096K)
 Metaspace       used 95985K, capacity 98214K, committed 98428K, reserved 1134592K
  class space    used 11951K, capacity 12689K, committed 12800K, reserved 1048576K
}
Event: 101.268 GC heap after
{Heap after GC invocations=66 (full 0):
 garbage-first heap   total 157696K, used 100852K [0x0000000080000000, 0x0000000100000000)
  region size 1024K, 1 young (1024K), 1 survivors (1024K)
 Metaspace       used 95985K, capacity 98214K, committed 98428K, reserved 1134592K
  class space    used 11951K, capacity 12689K, committed 12800K, reserved 1048576K
}
Event: 101.615 GC heap before
{Heap before GC invocations=66 (full 0):
 garbage-first heap   total 157696K, used 133620K [0x0000000080000000, 0x0000000100000000)
  region size 1024K, 34 young (34816K), 1 survivors (1024K)
 Metaspace       used 95999K, capacity 98278K, committed 98428K, reserved 1134592K
  class space    used 11951K, capacity 12689K, committed 12800K, reserved 1048576K
}
Event: 101.620 GC heap after
{Heap after GC invocations=67 (full 0):
 garbage-first heap   total 157696K, used 101462K [0x0000000080000000, 0x0000000100000000)
  region size 1024K, 2 young (2048K), 2 survivors (2048K)
 Metaspace       used 95999K, capacity 98278K, committed 98428K, reserved 1134592K
  class space    used 11951K, capacity 12689K, committed 12800K, reserved 1048576K
}

